[0.508s] Invoking command in '/home/tulio/ros2_tutorial_ws/src/build/my_robot_controller': AMENT_PREFIX_PATH=/home/tulio/ros2_tutorial_ws/src/install/my_robot_interfaces:${AMENT_PREFIX_PATH} CMAKE_PREFIX_PATH=/home/tulio/ros2_tutorial_ws/src/install/my_robot_interfaces:${CMAKE_PREFIX_PATH} LD_LIBRARY_PATH=/home/tulio/ros2_tutorial_ws/src/install/my_robot_interfaces/lib:${LD_LIBRARY_PATH} PYTHONPATH=/home/tulio/ros2_tutorial_ws/src/build/my_robot_controller/prefix_override:/home/tulio/ros2_tutorial_ws/src/install/my_robot_controller/lib/python3.10/site-packages:/home/tulio/ros2_tutorial_ws/src/install/my_robot_interfaces/local/lib/python3.10/dist-packages:${PYTHONPATH} /usr/bin/python3 -W ignore:setup.py install is deprecated setup.py develop --editable --build-directory /home/tulio/ros2_tutorial_ws/src/build/my_robot_controller/build --no-deps symlink_data
[0.725s] running develop
[0.860s] running egg_info
[0.860s] writing my_robot_controller.egg-info/PKG-INFO
[0.861s] writing dependency_links to my_robot_controller.egg-info/dependency_links.txt
[0.861s] writing entry points to my_robot_controller.egg-info/entry_points.txt
[0.861s] writing requirements to my_robot_controller.egg-info/requires.txt
[0.861s] writing top-level names to my_robot_controller.egg-info/top_level.txt
[0.862s] reading manifest file 'my_robot_controller.egg-info/SOURCES.txt'
[0.865s] writing manifest file 'my_robot_controller.egg-info/SOURCES.txt'
[0.866s] running build_ext
[0.866s] Creating /home/tulio/ros2_tutorial_ws/src/install/my_robot_controller/lib/python3.10/site-packages/my-robot-controller.egg-link (link to .)
[0.867s] Installing add_two_ints script to /home/tulio/ros2_tutorial_ws/src/install/my_robot_controller/lib/my_robot_controller
[0.867s] Installing add_two_ints_client script to /home/tulio/ros2_tutorial_ws/src/install/my_robot_controller/lib/my_robot_controller
[0.867s] Installing battery_node script to /home/tulio/ros2_tutorial_ws/src/install/my_robot_controller/lib/my_robot_controller
[0.867s] Installing draw_node script to /home/tulio/ros2_tutorial_ws/src/install/my_robot_controller/lib/my_robot_controller
[0.867s] Installing hw_status_publisher script to /home/tulio/ros2_tutorial_ws/src/install/my_robot_controller/lib/my_robot_controller
[0.867s] Installing led_panel script to /home/tulio/ros2_tutorial_ws/src/install/my_robot_controller/lib/my_robot_controller
[0.868s] Installing number_counter script to /home/tulio/ros2_tutorial_ws/src/install/my_robot_controller/lib/my_robot_controller
[0.868s] Installing number_counter_client script to /home/tulio/ros2_tutorial_ws/src/install/my_robot_controller/lib/my_robot_controller
[0.868s] Installing number_publisher script to /home/tulio/ros2_tutorial_ws/src/install/my_robot_controller/lib/my_robot_controller
[0.868s] Installing pose_subscriber script to /home/tulio/ros2_tutorial_ws/src/install/my_robot_controller/lib/my_robot_controller
[0.868s] Installing test_node script to /home/tulio/ros2_tutorial_ws/src/install/my_robot_controller/lib/my_robot_controller
[0.868s] Installing turtle_controller script to /home/tulio/ros2_tutorial_ws/src/install/my_robot_controller/lib/my_robot_controller
[0.868s] 
[0.868s] Installed /home/tulio/ros2_tutorial_ws/src/build/my_robot_controller
[0.868s] running symlink_data
[0.890s] Invoked command in '/home/tulio/ros2_tutorial_ws/src/build/my_robot_controller' returned '0': AMENT_PREFIX_PATH=/home/tulio/ros2_tutorial_ws/src/install/my_robot_interfaces:${AMENT_PREFIX_PATH} CMAKE_PREFIX_PATH=/home/tulio/ros2_tutorial_ws/src/install/my_robot_interfaces:${CMAKE_PREFIX_PATH} LD_LIBRARY_PATH=/home/tulio/ros2_tutorial_ws/src/install/my_robot_interfaces/lib:${LD_LIBRARY_PATH} PYTHONPATH=/home/tulio/ros2_tutorial_ws/src/build/my_robot_controller/prefix_override:/home/tulio/ros2_tutorial_ws/src/install/my_robot_controller/lib/python3.10/site-packages:/home/tulio/ros2_tutorial_ws/src/install/my_robot_interfaces/local/lib/python3.10/dist-packages:${PYTHONPATH} /usr/bin/python3 -W ignore:setup.py install is deprecated setup.py develop --editable --build-directory /home/tulio/ros2_tutorial_ws/src/build/my_robot_controller/build --no-deps symlink_data
