[0.009s] Invoking command in '/home/tulio/ros2_tutorial_ws/src/build/my_robot_interfaces': CMAKE_PREFIX_PATH=${CMAKE_PREFIX_PATH}:/home/tulio/ros2_tutorial_ws/install/my_robot_controller:/opt/ros/humble /usr/bin/cmake /home/tulio/ros2_tutorial_ws/src/my_robot_interfaces -DCMAKE_INSTALL_PREFIX=/home/tulio/ros2_tutorial_ws/src/install/my_robot_interfaces
[0.094s] -- The C compiler identification is GNU 11.4.0
[0.160s] -- The CXX compiler identification is GNU 11.4.0
[0.168s] -- Detecting C compiler ABI info
[0.234s] -- Detecting C compiler ABI info - done
[0.239s] -- Check for working C compiler: /usr/bin/cc - skipped
[0.240s] -- Detecting C compile features
[0.240s] -- Detecting C compile features - done
[0.243s] -- Detecting CXX compiler ABI info
[0.313s] -- Detecting CXX compiler ABI info - done
[0.318s] -- Check for working CXX compiler: /usr/bin/c++ - skipped
[0.319s] -- Detecting CXX compile features
[0.319s] -- Detecting CXX compile features - done
[0.323s] -- Found ament_cmake: 1.3.8 (/opt/ros/humble/share/ament_cmake/cmake)
[0.450s] -- Found Python3: /usr/bin/python3 (found version "3.10.12") found components: Interpreter 
[0.534s] -- Found rosidl_default_generators: 1.2.0 (/opt/ros/humble/share/rosidl_default_generators/cmake)
[0.538s] -- Using all available rosidl_typesupport_c: rosidl_typesupport_fastrtps_c;rosidl_typesupport_introspection_c
[0.545s] -- Found rosidl_adapter: 3.1.5 (/opt/ros/humble/share/rosidl_adapter/cmake)
[0.590s] -- Using all available rosidl_typesupport_cpp: rosidl_typesupport_fastrtps_cpp;rosidl_typesupport_introspection_cpp
[0.829s] -- Found ament_cmake_ros: 0.10.0 (/opt/ros/humble/share/ament_cmake_ros/cmake)
[0.979s] -- Using all available rosidl_typesupport_c: rosidl_typesupport_fastrtps_c;rosidl_typesupport_introspection_c
[1.167s] -- Using all available rosidl_typesupport_cpp: rosidl_typesupport_fastrtps_cpp;rosidl_typesupport_introspection_cpp
[1.185s] -- Found PythonInterp: /usr/bin/python3 (found suitable version "3.10.12", minimum required is "3.6") 
[1.186s] -- Found python_cmake_module: 0.10.0 (/opt/ros/humble/share/python_cmake_module/cmake)
[1.208s] -- Found PythonLibs: /usr/lib/x86_64-linux-gnu/libpython3.10.so (found suitable version "3.10.12", minimum required is "3.5") 
[1.208s] -- Using PYTHON_EXECUTABLE: /usr/bin/python3
[1.208s] -- Using PYTHON_INCLUDE_DIRS: /usr/include/python3.10
[1.208s] -- Using PYTHON_LIBRARIES: /usr/lib/x86_64-linux-gnu/libpython3.10.so
[1.225s] -- Found PythonExtra: .so  
[1.259s] -- Configuring done
[1.290s] -- Generating done
[1.292s] -- Build files have been written to: /home/tulio/ros2_tutorial_ws/src/build/my_robot_interfaces
[1.298s] Invoked command in '/home/tulio/ros2_tutorial_ws/src/build/my_robot_interfaces' returned '0': CMAKE_PREFIX_PATH=${CMAKE_PREFIX_PATH}:/home/tulio/ros2_tutorial_ws/install/my_robot_controller:/opt/ros/humble /usr/bin/cmake /home/tulio/ros2_tutorial_ws/src/my_robot_interfaces -DCMAKE_INSTALL_PREFIX=/home/tulio/ros2_tutorial_ws/src/install/my_robot_interfaces
[1.300s] Invoking command in '/home/tulio/ros2_tutorial_ws/src/build/my_robot_interfaces': CMAKE_PREFIX_PATH=${CMAKE_PREFIX_PATH}:/home/tulio/ros2_tutorial_ws/install/my_robot_controller:/opt/ros/humble /usr/bin/cmake --build /home/tulio/ros2_tutorial_ws/src/build/my_robot_interfaces -- -j12 -l12
[1.335s] [  1%] [34m[1mGenerating C code for ROS interfaces[0m
[1.344s] [  3%] [34m[1mGenerating C++ code for ROS interfaces[0m
[1.351s] [  3%] Built target ament_cmake_python_copy_my_robot_interfaces
[1.592s] running egg_info
[1.592s] creating my_robot_interfaces.egg-info
[1.593s] writing my_robot_interfaces.egg-info/PKG-INFO
[1.593s] writing dependency_links to my_robot_interfaces.egg-info/dependency_links.txt
[1.593s] writing top-level names to my_robot_interfaces.egg-info/top_level.txt
[1.593s] writing manifest file 'my_robot_interfaces.egg-info/SOURCES.txt'
[1.595s] reading manifest file 'my_robot_interfaces.egg-info/SOURCES.txt'
[1.595s] writing manifest file 'my_robot_interfaces.egg-info/SOURCES.txt'
[1.619s] [  3%] Built target ament_cmake_python_build_my_robot_interfaces_egg
[1.710s] [  3%] Built target my_robot_interfaces__cpp
[1.720s] [ 12%] [34m[1mGenerating C++ type support dispatch for ROS interfaces[0m
[1.720s] [ 12%] [32mBuilding C object CMakeFiles/my_robot_interfaces__rosidl_generator_c.dir/rosidl_generator_c/my_robot_interfaces/msg/detail/hardware_status__functions.c.o[0m
[1.720s] [ 12%] [32mBuilding C object CMakeFiles/my_robot_interfaces__rosidl_generator_c.dir/rosidl_generator_c/my_robot_interfaces/srv/detail/set_led__functions.c.o[0m
[1.720s] [ 12%] [32mBuilding C object CMakeFiles/my_robot_interfaces__rosidl_generator_c.dir/rosidl_generator_c/my_robot_interfaces/msg/detail/led_state_status__functions.c.o[0m
[1.720s] [ 12%] [32mBuilding C object CMakeFiles/my_robot_interfaces__rosidl_generator_c.dir/rosidl_generator_c/my_robot_interfaces/srv/detail/compute_rectangle_area__functions.c.o[0m
[1.721s] [ 16%] [34m[1mGenerating C++ type support for eProsima Fast-RTPS[0m
[1.721s] [ 16%] [34m[1mGenerating C++ introspection for ROS interfaces[0m
[1.804s] [ 18%] [32m[1mLinking C shared library libmy_robot_interfaces__rosidl_generator_c.so[0m
[1.844s] [ 18%] Built target my_robot_interfaces__rosidl_generator_c
[1.855s] [ 23%] [34m[1mGenerating C type support dispatch for ROS interfaces[0m
[1.855s] [ 23%] [34m[1mGenerating C introspection for ROS interfaces[0m
[1.855s] [ 23%] [34m[1mGenerating C type support for eProsima Fast-RTPS[0m
[2.027s] [ 25%] [32mBuilding CXX object CMakeFiles/my_robot_interfaces__rosidl_typesupport_cpp.dir/rosidl_typesupport_cpp/my_robot_interfaces/srv/set_led__type_support.cpp.o[0m
[2.029s] [ 29%] [32mBuilding CXX object CMakeFiles/my_robot_interfaces__rosidl_typesupport_cpp.dir/rosidl_typesupport_cpp/my_robot_interfaces/msg/led_state_status__type_support.cpp.o[0m
[2.030s] [ 29%] [32mBuilding CXX object CMakeFiles/my_robot_interfaces__rosidl_typesupport_cpp.dir/rosidl_typesupport_cpp/my_robot_interfaces/msg/hardware_status__type_support.cpp.o[0m
[2.030s] [ 30%] [32mBuilding CXX object CMakeFiles/my_robot_interfaces__rosidl_typesupport_cpp.dir/rosidl_typesupport_cpp/my_robot_interfaces/srv/compute_rectangle_area__type_support.cpp.o[0m
[2.092s] [ 38%] [32mBuilding CXX object CMakeFiles/my_robot_interfaces__rosidl_typesupport_introspection_cpp.dir/rosidl_typesupport_introspection_cpp/my_robot_interfaces/msg/detail/hardware_status__type_support.cpp.o[0m
[2.092s] [ 38%] [32mBuilding CXX object CMakeFiles/my_robot_interfaces__rosidl_typesupport_introspection_cpp.dir/rosidl_typesupport_introspection_cpp/my_robot_interfaces/srv/detail/compute_rectangle_area__type_support.cpp.o[0m
[2.093s] [ 38%] [32mBuilding CXX object CMakeFiles/my_robot_interfaces__rosidl_typesupport_introspection_cpp.dir/rosidl_typesupport_introspection_cpp/my_robot_interfaces/srv/detail/set_led__type_support.cpp.o[0m
[2.093s] [ 38%] [32mBuilding CXX object CMakeFiles/my_robot_interfaces__rosidl_typesupport_introspection_cpp.dir/rosidl_typesupport_introspection_cpp/my_robot_interfaces/msg/detail/led_state_status__type_support.cpp.o[0m
[2.222s] [ 40%] [32mBuilding CXX object CMakeFiles/my_robot_interfaces__rosidl_typesupport_fastrtps_cpp.dir/rosidl_typesupport_fastrtps_cpp/my_robot_interfaces/msg/detail/dds_fastrtps/hardware_status__type_support.cpp.o[0m
[2.242s] [ 41%] [32mBuilding CXX object CMakeFiles/my_robot_interfaces__rosidl_typesupport_c.dir/rosidl_typesupport_c/my_robot_interfaces/msg/hardware_status__type_support.cpp.o[0m
[2.298s] [ 43%] [32mBuilding CXX object CMakeFiles/my_robot_interfaces__rosidl_typesupport_c.dir/rosidl_typesupport_c/my_robot_interfaces/msg/led_state_status__type_support.cpp.o[0m
[2.357s] [ 45%] [32mBuilding CXX object CMakeFiles/my_robot_interfaces__rosidl_typesupport_c.dir/rosidl_typesupport_c/my_robot_interfaces/srv/compute_rectangle_area__type_support.cpp.o[0m
[2.409s] [ 47%] [32mBuilding CXX object CMakeFiles/my_robot_interfaces__rosidl_typesupport_c.dir/rosidl_typesupport_c/my_robot_interfaces/srv/set_led__type_support.cpp.o[0m
[2.425s] [ 49%] [32mBuilding C object CMakeFiles/my_robot_interfaces__rosidl_typesupport_introspection_c.dir/rosidl_typesupport_introspection_c/my_robot_interfaces/msg/detail/hardware_status__type_support.c.o[0m
[2.428s] [ 50%] [32mBuilding CXX object CMakeFiles/my_robot_interfaces__rosidl_typesupport_fastrtps_c.dir/rosidl_typesupport_fastrtps_c/my_robot_interfaces/msg/detail/hardware_status__type_support_c.cpp.o[0m
[2.445s] [ 52%] [32mBuilding CXX object CMakeFiles/my_robot_interfaces__rosidl_typesupport_fastrtps_c.dir/rosidl_typesupport_fastrtps_c/my_robot_interfaces/msg/detail/led_state_status__type_support_c.cpp.o[0m
[2.448s] [ 54%] [32m[1mLinking CXX shared library libmy_robot_interfaces__rosidl_typesupport_cpp.so[0m
[2.449s] [ 56%] [32mBuilding CXX object CMakeFiles/my_robot_interfaces__rosidl_typesupport_fastrtps_c.dir/rosidl_typesupport_fastrtps_c/my_robot_interfaces/srv/detail/compute_rectangle_area__type_support_c.cpp.o[0m
[2.450s] [ 58%] [32mBuilding CXX object CMakeFiles/my_robot_interfaces__rosidl_typesupport_fastrtps_c.dir/rosidl_typesupport_fastrtps_c/my_robot_interfaces/srv/detail/set_led__type_support_c.cpp.o[0m
[2.457s] [ 60%] [32m[1mLinking CXX shared library libmy_robot_interfaces__rosidl_typesupport_c.so[0m
[2.506s] [ 61%] [32mBuilding C object CMakeFiles/my_robot_interfaces__rosidl_typesupport_introspection_c.dir/rosidl_typesupport_introspection_c/my_robot_interfaces/msg/detail/led_state_status__type_support.c.o[0m
[2.527s] [ 61%] Built target my_robot_interfaces__rosidl_typesupport_cpp
[2.533s] [ 61%] Built target my_robot_interfaces__rosidl_typesupport_c
[2.543s] [ 63%] [32mBuilding C object CMakeFiles/my_robot_interfaces__rosidl_typesupport_introspection_c.dir/rosidl_typesupport_introspection_c/my_robot_interfaces/srv/detail/compute_rectangle_area__type_support.c.o[0m
[2.549s] [ 65%] [32mBuilding C object CMakeFiles/my_robot_interfaces__rosidl_typesupport_introspection_c.dir/rosidl_typesupport_introspection_c/my_robot_interfaces/srv/detail/set_led__type_support.c.o[0m
[2.564s] [ 67%] [32mBuilding CXX object CMakeFiles/my_robot_interfaces__rosidl_typesupport_fastrtps_cpp.dir/rosidl_typesupport_fastrtps_cpp/my_robot_interfaces/msg/detail/dds_fastrtps/led_state_status__type_support.cpp.o[0m
[2.604s] [ 69%] [32mBuilding CXX object CMakeFiles/my_robot_interfaces__rosidl_typesupport_fastrtps_cpp.dir/rosidl_typesupport_fastrtps_cpp/my_robot_interfaces/srv/detail/dds_fastrtps/compute_rectangle_area__type_support.cpp.o[0m
[2.609s] [ 70%] [32m[1mLinking C shared library libmy_robot_interfaces__rosidl_typesupport_introspection_c.so[0m
[2.631s] [ 72%] [32mBuilding CXX object CMakeFiles/my_robot_interfaces__rosidl_typesupport_fastrtps_cpp.dir/rosidl_typesupport_fastrtps_cpp/my_robot_interfaces/srv/detail/dds_fastrtps/set_led__type_support.cpp.o[0m
[2.663s] [ 74%] [32m[1mLinking CXX shared library libmy_robot_interfaces__rosidl_typesupport_introspection_cpp.so[0m
[2.682s] [ 74%] Built target my_robot_interfaces__rosidl_typesupport_introspection_c
[2.767s] [ 74%] Built target my_robot_interfaces__rosidl_typesupport_introspection_cpp
[2.947s] [ 76%] [32m[1mLinking CXX shared library libmy_robot_interfaces__rosidl_typesupport_fastrtps_c.so[0m
[3.020s] [ 76%] Built target my_robot_interfaces__rosidl_typesupport_fastrtps_c
[3.076s] [ 78%] [32m[1mLinking CXX shared library libmy_robot_interfaces__rosidl_typesupport_fastrtps_cpp.so[0m
[3.134s] [ 78%] Built target my_robot_interfaces__rosidl_typesupport_fastrtps_cpp
[3.152s] [ 78%] Built target my_robot_interfaces
[3.170s] [ 80%] [34m[1mGenerating Python code for ROS interfaces[0m
[3.641s] [ 80%] Built target my_robot_interfaces__py
[3.659s] [ 85%] [32mBuilding C object CMakeFiles/my_robot_interfaces__rosidl_generator_py.dir/rosidl_generator_py/my_robot_interfaces/msg/_hardware_status_s.c.o[0m
[3.659s] [ 85%] [32mBuilding C object CMakeFiles/my_robot_interfaces__rosidl_generator_py.dir/rosidl_generator_py/my_robot_interfaces/srv/_compute_rectangle_area_s.c.o[0m
[3.659s] [ 85%] [32mBuilding C object CMakeFiles/my_robot_interfaces__rosidl_generator_py.dir/rosidl_generator_py/my_robot_interfaces/msg/_led_state_status_s.c.o[0m
[3.659s] [ 87%] [32mBuilding C object CMakeFiles/my_robot_interfaces__rosidl_generator_py.dir/rosidl_generator_py/my_robot_interfaces/srv/_set_led_s.c.o[0m
[3.759s] [ 89%] [32m[1mLinking C shared library rosidl_generator_py/my_robot_interfaces/libmy_robot_interfaces__rosidl_generator_py.so[0m
[3.794s] [ 89%] Built target my_robot_interfaces__rosidl_generator_py
[3.812s] [ 94%] [32mBuilding C object CMakeFiles/my_robot_interfaces__rosidl_typesupport_introspection_c__pyext.dir/rosidl_generator_py/my_robot_interfaces/_my_robot_interfaces_s.ep.rosidl_typesupport_introspection_c.c.o[0m
[3.812s] [ 94%] [32mBuilding C object CMakeFiles/my_robot_interfaces__rosidl_typesupport_fastrtps_c__pyext.dir/rosidl_generator_py/my_robot_interfaces/_my_robot_interfaces_s.ep.rosidl_typesupport_fastrtps_c.c.o[0m
[3.812s] [ 94%] [32mBuilding C object CMakeFiles/my_robot_interfaces__rosidl_typesupport_c__pyext.dir/rosidl_generator_py/my_robot_interfaces/_my_robot_interfaces_s.ep.rosidl_typesupport_c.c.o[0m
[3.910s] [ 98%] [32m[1mLinking C shared library rosidl_generator_py/my_robot_interfaces/my_robot_interfaces_s__rosidl_typesupport_introspection_c.cpython-310-x86_64-linux-gnu.so[0m
[3.910s] [ 98%] [32m[1mLinking C shared library rosidl_generator_py/my_robot_interfaces/my_robot_interfaces_s__rosidl_typesupport_c.cpython-310-x86_64-linux-gnu.so[0m
[3.914s] [100%] [32m[1mLinking C shared library rosidl_generator_py/my_robot_interfaces/my_robot_interfaces_s__rosidl_typesupport_fastrtps_c.cpython-310-x86_64-linux-gnu.so[0m
[3.940s] [100%] Built target my_robot_interfaces__rosidl_typesupport_c__pyext
[3.940s] [100%] Built target my_robot_interfaces__rosidl_typesupport_introspection_c__pyext
[3.945s] [100%] Built target my_robot_interfaces__rosidl_typesupport_fastrtps_c__pyext
[3.956s] Invoked command in '/home/tulio/ros2_tutorial_ws/src/build/my_robot_interfaces' returned '0': CMAKE_PREFIX_PATH=${CMAKE_PREFIX_PATH}:/home/tulio/ros2_tutorial_ws/install/my_robot_controller:/opt/ros/humble /usr/bin/cmake --build /home/tulio/ros2_tutorial_ws/src/build/my_robot_interfaces -- -j12 -l12
[4.080s] Invoking command in '/home/tulio/ros2_tutorial_ws/src/build/my_robot_interfaces': CMAKE_PREFIX_PATH=${CMAKE_PREFIX_PATH}:/home/tulio/ros2_tutorial_ws/install/my_robot_controller:/opt/ros/humble /usr/bin/cmake --install /home/tulio/ros2_tutorial_ws/src/build/my_robot_interfaces
[4.086s] -- Install configuration: ""
[4.086s] -- Installing: /home/tulio/ros2_tutorial_ws/src/install/my_robot_interfaces/share/ament_index/resource_index/rosidl_interfaces/my_robot_interfaces
[4.087s] -- Installing: /home/tulio/ros2_tutorial_ws/src/install/my_robot_interfaces/include/my_robot_interfaces/my_robot_interfaces
[4.087s] -- Installing: /home/tulio/ros2_tutorial_ws/src/install/my_robot_interfaces/include/my_robot_interfaces/my_robot_interfaces/msg
[4.087s] -- Installing: /home/tulio/ros2_tutorial_ws/src/install/my_robot_interfaces/include/my_robot_interfaces/my_robot_interfaces/msg/led_state_status.h
[4.087s] -- Installing: /home/tulio/ros2_tutorial_ws/src/install/my_robot_interfaces/include/my_robot_interfaces/my_robot_interfaces/msg/hardware_status.h
[4.087s] -- Installing: /home/tulio/ros2_tutorial_ws/src/install/my_robot_interfaces/include/my_robot_interfaces/my_robot_interfaces/msg/detail
[4.087s] -- Installing: /home/tulio/ros2_tutorial_ws/src/install/my_robot_interfaces/include/my_robot_interfaces/my_robot_interfaces/msg/detail/hardware_status__functions.c
[4.087s] -- Installing: /home/tulio/ros2_tutorial_ws/src/install/my_robot_interfaces/include/my_robot_interfaces/my_robot_interfaces/msg/detail/led_state_status__type_support.h
[4.087s] -- Installing: /home/tulio/ros2_tutorial_ws/src/install/my_robot_interfaces/include/my_robot_interfaces/my_robot_interfaces/msg/detail/led_state_status__struct.h
[4.087s] -- Installing: /home/tulio/ros2_tutorial_ws/src/install/my_robot_interfaces/include/my_robot_interfaces/my_robot_interfaces/msg/detail/hardware_status__struct.h
[4.088s] -- Installing: /home/tulio/ros2_tutorial_ws/src/install/my_robot_interfaces/include/my_robot_interfaces/my_robot_interfaces/msg/detail/hardware_status__functions.h
[4.088s] -- Installing: /home/tulio/ros2_tutorial_ws/src/install/my_robot_interfaces/include/my_robot_interfaces/my_robot_interfaces/msg/detail/led_state_status__functions.c
[4.088s] -- Installing: /home/tulio/ros2_tutorial_ws/src/install/my_robot_interfaces/include/my_robot_interfaces/my_robot_interfaces/msg/detail/hardware_status__type_support.h
[4.088s] -- Installing: /home/tulio/ros2_tutorial_ws/src/install/my_robot_interfaces/include/my_robot_interfaces/my_robot_interfaces/msg/detail/led_state_status__functions.h
[4.088s] -- Installing: /home/tulio/ros2_tutorial_ws/src/install/my_robot_interfaces/include/my_robot_interfaces/my_robot_interfaces/msg/rosidl_generator_c__visibility_control.h
[4.088s] -- Installing: /home/tulio/ros2_tutorial_ws/src/install/my_robot_interfaces/include/my_robot_interfaces/my_robot_interfaces/srv
[4.088s] -- Installing: /home/tulio/ros2_tutorial_ws/src/install/my_robot_interfaces/include/my_robot_interfaces/my_robot_interfaces/srv/set_led.h
[4.088s] -- Installing: /home/tulio/ros2_tutorial_ws/src/install/my_robot_interfaces/include/my_robot_interfaces/my_robot_interfaces/srv/compute_rectangle_area.h
[4.088s] -- Installing: /home/tulio/ros2_tutorial_ws/src/install/my_robot_interfaces/include/my_robot_interfaces/my_robot_interfaces/srv/detail
[4.089s] -- Installing: /home/tulio/ros2_tutorial_ws/src/install/my_robot_interfaces/include/my_robot_interfaces/my_robot_interfaces/srv/detail/set_led__type_support.h
[4.089s] -- Installing: /home/tulio/ros2_tutorial_ws/src/install/my_robot_interfaces/include/my_robot_interfaces/my_robot_interfaces/srv/detail/compute_rectangle_area__type_support.h
[4.089s] -- Installing: /home/tulio/ros2_tutorial_ws/src/install/my_robot_interfaces/include/my_robot_interfaces/my_robot_interfaces/srv/detail/compute_rectangle_area__functions.c
[4.089s] -- Installing: /home/tulio/ros2_tutorial_ws/src/install/my_robot_interfaces/include/my_robot_interfaces/my_robot_interfaces/srv/detail/set_led__struct.h
[4.089s] -- Installing: /home/tulio/ros2_tutorial_ws/src/install/my_robot_interfaces/include/my_robot_interfaces/my_robot_interfaces/srv/detail/compute_rectangle_area__functions.h
[4.089s] -- Installing: /home/tulio/ros2_tutorial_ws/src/install/my_robot_interfaces/include/my_robot_interfaces/my_robot_interfaces/srv/detail/compute_rectangle_area__struct.h
[4.089s] -- Installing: /home/tulio/ros2_tutorial_ws/src/install/my_robot_interfaces/include/my_robot_interfaces/my_robot_interfaces/srv/detail/set_led__functions.c
[4.089s] -- Installing: /home/tulio/ros2_tutorial_ws/src/install/my_robot_interfaces/include/my_robot_interfaces/my_robot_interfaces/srv/detail/set_led__functions.h
[4.090s] -- Installing: /home/tulio/ros2_tutorial_ws/src/install/my_robot_interfaces/share/my_robot_interfaces/environment/library_path.sh
[4.090s] -- Installing: /home/tulio/ros2_tutorial_ws/src/install/my_robot_interfaces/share/my_robot_interfaces/environment/library_path.dsv
[4.090s] -- Installing: /home/tulio/ros2_tutorial_ws/src/install/my_robot_interfaces/lib/libmy_robot_interfaces__rosidl_generator_c.so
[4.090s] -- Set runtime path of "/home/tulio/ros2_tutorial_ws/src/install/my_robot_interfaces/lib/libmy_robot_interfaces__rosidl_generator_c.so" to ""
[4.090s] -- Up-to-date: /home/tulio/ros2_tutorial_ws/src/install/my_robot_interfaces/include/my_robot_interfaces/my_robot_interfaces
[4.091s] -- Up-to-date: /home/tulio/ros2_tutorial_ws/src/install/my_robot_interfaces/include/my_robot_interfaces/my_robot_interfaces/msg
[4.091s] -- Up-to-date: /home/tulio/ros2_tutorial_ws/src/install/my_robot_interfaces/include/my_robot_interfaces/my_robot_interfaces/msg/detail
[4.091s] -- Installing: /home/tulio/ros2_tutorial_ws/src/install/my_robot_interfaces/include/my_robot_interfaces/my_robot_interfaces/msg/detail/hardware_status__rosidl_typesupport_fastrtps_c.h
[4.091s] -- Installing: /home/tulio/ros2_tutorial_ws/src/install/my_robot_interfaces/include/my_robot_interfaces/my_robot_interfaces/msg/detail/led_state_status__rosidl_typesupport_fastrtps_c.h
[4.091s] -- Installing: /home/tulio/ros2_tutorial_ws/src/install/my_robot_interfaces/include/my_robot_interfaces/my_robot_interfaces/msg/rosidl_typesupport_fastrtps_c__visibility_control.h
[4.091s] -- Up-to-date: /home/tulio/ros2_tutorial_ws/src/install/my_robot_interfaces/include/my_robot_interfaces/my_robot_interfaces/srv
[4.091s] -- Up-to-date: /home/tulio/ros2_tutorial_ws/src/install/my_robot_interfaces/include/my_robot_interfaces/my_robot_interfaces/srv/detail
[4.091s] -- Installing: /home/tulio/ros2_tutorial_ws/src/install/my_robot_interfaces/include/my_robot_interfaces/my_robot_interfaces/srv/detail/compute_rectangle_area__rosidl_typesupport_fastrtps_c.h
[4.091s] -- Installing: /home/tulio/ros2_tutorial_ws/src/install/my_robot_interfaces/include/my_robot_interfaces/my_robot_interfaces/srv/detail/set_led__rosidl_typesupport_fastrtps_c.h
[4.091s] -- Installing: /home/tulio/ros2_tutorial_ws/src/install/my_robot_interfaces/lib/libmy_robot_interfaces__rosidl_typesupport_fastrtps_c.so
[4.092s] -- Set runtime path of "/home/tulio/ros2_tutorial_ws/src/install/my_robot_interfaces/lib/libmy_robot_interfaces__rosidl_typesupport_fastrtps_c.so" to ""
[4.092s] -- Up-to-date: /home/tulio/ros2_tutorial_ws/src/install/my_robot_interfaces/include/my_robot_interfaces/my_robot_interfaces
[4.092s] -- Up-to-date: /home/tulio/ros2_tutorial_ws/src/install/my_robot_interfaces/include/my_robot_interfaces/my_robot_interfaces/msg
[4.092s] -- Installing: /home/tulio/ros2_tutorial_ws/src/install/my_robot_interfaces/include/my_robot_interfaces/my_robot_interfaces/msg/rosidl_typesupport_introspection_c__visibility_control.h
[4.092s] -- Up-to-date: /home/tulio/ros2_tutorial_ws/src/install/my_robot_interfaces/include/my_robot_interfaces/my_robot_interfaces/msg/detail
[4.092s] -- Installing: /home/tulio/ros2_tutorial_ws/src/install/my_robot_interfaces/include/my_robot_interfaces/my_robot_interfaces/msg/detail/led_state_status__type_support.c
[4.092s] -- Installing: /home/tulio/ros2_tutorial_ws/src/install/my_robot_interfaces/include/my_robot_interfaces/my_robot_interfaces/msg/detail/hardware_status__rosidl_typesupport_introspection_c.h
[4.092s] -- Installing: /home/tulio/ros2_tutorial_ws/src/install/my_robot_interfaces/include/my_robot_interfaces/my_robot_interfaces/msg/detail/led_state_status__rosidl_typesupport_introspection_c.h
[4.092s] -- Installing: /home/tulio/ros2_tutorial_ws/src/install/my_robot_interfaces/include/my_robot_interfaces/my_robot_interfaces/msg/detail/hardware_status__type_support.c
[4.092s] -- Up-to-date: /home/tulio/ros2_tutorial_ws/src/install/my_robot_interfaces/include/my_robot_interfaces/my_robot_interfaces/srv
[4.093s] -- Up-to-date: /home/tulio/ros2_tutorial_ws/src/install/my_robot_interfaces/include/my_robot_interfaces/my_robot_interfaces/srv/detail
[4.093s] -- Installing: /home/tulio/ros2_tutorial_ws/src/install/my_robot_interfaces/include/my_robot_interfaces/my_robot_interfaces/srv/detail/set_led__type_support.c
[4.093s] -- Installing: /home/tulio/ros2_tutorial_ws/src/install/my_robot_interfaces/include/my_robot_interfaces/my_robot_interfaces/srv/detail/compute_rectangle_area__rosidl_typesupport_introspection_c.h
[4.093s] -- Installing: /home/tulio/ros2_tutorial_ws/src/install/my_robot_interfaces/include/my_robot_interfaces/my_robot_interfaces/srv/detail/set_led__rosidl_typesupport_introspection_c.h
[4.093s] -- Installing: /home/tulio/ros2_tutorial_ws/src/install/my_robot_interfaces/include/my_robot_interfaces/my_robot_interfaces/srv/detail/compute_rectangle_area__type_support.c
[4.093s] -- Installing: /home/tulio/ros2_tutorial_ws/src/install/my_robot_interfaces/lib/libmy_robot_interfaces__rosidl_typesupport_introspection_c.so
[4.093s] -- Set runtime path of "/home/tulio/ros2_tutorial_ws/src/install/my_robot_interfaces/lib/libmy_robot_interfaces__rosidl_typesupport_introspection_c.so" to ""
[4.094s] -- Installing: /home/tulio/ros2_tutorial_ws/src/install/my_robot_interfaces/lib/libmy_robot_interfaces__rosidl_typesupport_c.so
[4.094s] -- Set runtime path of "/home/tulio/ros2_tutorial_ws/src/install/my_robot_interfaces/lib/libmy_robot_interfaces__rosidl_typesupport_c.so" to ""
[4.094s] -- Up-to-date: /home/tulio/ros2_tutorial_ws/src/install/my_robot_interfaces/include/my_robot_interfaces/my_robot_interfaces
[4.094s] -- Up-to-date: /home/tulio/ros2_tutorial_ws/src/install/my_robot_interfaces/include/my_robot_interfaces/my_robot_interfaces/msg
[4.094s] -- Installing: /home/tulio/ros2_tutorial_ws/src/install/my_robot_interfaces/include/my_robot_interfaces/my_robot_interfaces/msg/hardware_status.hpp
[4.094s] -- Up-to-date: /home/tulio/ros2_tutorial_ws/src/install/my_robot_interfaces/include/my_robot_interfaces/my_robot_interfaces/msg/detail
[4.094s] -- Installing: /home/tulio/ros2_tutorial_ws/src/install/my_robot_interfaces/include/my_robot_interfaces/my_robot_interfaces/msg/detail/hardware_status__builder.hpp
[4.094s] -- Installing: /home/tulio/ros2_tutorial_ws/src/install/my_robot_interfaces/include/my_robot_interfaces/my_robot_interfaces/msg/detail/hardware_status__traits.hpp
[4.094s] -- Installing: /home/tulio/ros2_tutorial_ws/src/install/my_robot_interfaces/include/my_robot_interfaces/my_robot_interfaces/msg/detail/led_state_status__traits.hpp
[4.094s] -- Installing: /home/tulio/ros2_tutorial_ws/src/install/my_robot_interfaces/include/my_robot_interfaces/my_robot_interfaces/msg/detail/led_state_status__struct.hpp
[4.095s] -- Installing: /home/tulio/ros2_tutorial_ws/src/install/my_robot_interfaces/include/my_robot_interfaces/my_robot_interfaces/msg/detail/hardware_status__struct.hpp
[4.095s] -- Installing: /home/tulio/ros2_tutorial_ws/src/install/my_robot_interfaces/include/my_robot_interfaces/my_robot_interfaces/msg/detail/led_state_status__builder.hpp
[4.095s] -- Installing: /home/tulio/ros2_tutorial_ws/src/install/my_robot_interfaces/include/my_robot_interfaces/my_robot_interfaces/msg/led_state_status.hpp
[4.095s] -- Up-to-date: /home/tulio/ros2_tutorial_ws/src/install/my_robot_interfaces/include/my_robot_interfaces/my_robot_interfaces/srv
[4.095s] -- Installing: /home/tulio/ros2_tutorial_ws/src/install/my_robot_interfaces/include/my_robot_interfaces/my_robot_interfaces/srv/compute_rectangle_area.hpp
[4.095s] -- Installing: /home/tulio/ros2_tutorial_ws/src/install/my_robot_interfaces/include/my_robot_interfaces/my_robot_interfaces/srv/set_led.hpp
[4.095s] -- Up-to-date: /home/tulio/ros2_tutorial_ws/src/install/my_robot_interfaces/include/my_robot_interfaces/my_robot_interfaces/srv/detail
[4.095s] -- Installing: /home/tulio/ros2_tutorial_ws/src/install/my_robot_interfaces/include/my_robot_interfaces/my_robot_interfaces/srv/detail/set_led__builder.hpp
[4.095s] -- Installing: /home/tulio/ros2_tutorial_ws/src/install/my_robot_interfaces/include/my_robot_interfaces/my_robot_interfaces/srv/detail/compute_rectangle_area__builder.hpp
[4.095s] -- Installing: /home/tulio/ros2_tutorial_ws/src/install/my_robot_interfaces/include/my_robot_interfaces/my_robot_interfaces/srv/detail/compute_rectangle_area__traits.hpp
[4.096s] -- Installing: /home/tulio/ros2_tutorial_ws/src/install/my_robot_interfaces/include/my_robot_interfaces/my_robot_interfaces/srv/detail/set_led__struct.hpp
[4.096s] -- Installing: /home/tulio/ros2_tutorial_ws/src/install/my_robot_interfaces/include/my_robot_interfaces/my_robot_interfaces/srv/detail/set_led__traits.hpp
[4.096s] -- Installing: /home/tulio/ros2_tutorial_ws/src/install/my_robot_interfaces/include/my_robot_interfaces/my_robot_interfaces/srv/detail/compute_rectangle_area__struct.hpp
[4.096s] -- Up-to-date: /home/tulio/ros2_tutorial_ws/src/install/my_robot_interfaces/include/my_robot_interfaces/my_robot_interfaces
[4.096s] -- Up-to-date: /home/tulio/ros2_tutorial_ws/src/install/my_robot_interfaces/include/my_robot_interfaces/my_robot_interfaces/msg
[4.096s] -- Up-to-date: /home/tulio/ros2_tutorial_ws/src/install/my_robot_interfaces/include/my_robot_interfaces/my_robot_interfaces/msg/detail
[4.096s] -- Installing: /home/tulio/ros2_tutorial_ws/src/install/my_robot_interfaces/include/my_robot_interfaces/my_robot_interfaces/msg/detail/led_state_status__rosidl_typesupport_fastrtps_cpp.hpp
[4.096s] -- Installing: /home/tulio/ros2_tutorial_ws/src/install/my_robot_interfaces/include/my_robot_interfaces/my_robot_interfaces/msg/detail/hardware_status__rosidl_typesupport_fastrtps_cpp.hpp
[4.096s] -- Installing: /home/tulio/ros2_tutorial_ws/src/install/my_robot_interfaces/include/my_robot_interfaces/my_robot_interfaces/msg/detail/dds_fastrtps
[4.096s] -- Installing: /home/tulio/ros2_tutorial_ws/src/install/my_robot_interfaces/include/my_robot_interfaces/my_robot_interfaces/msg/rosidl_typesupport_fastrtps_cpp__visibility_control.h
[4.097s] -- Up-to-date: /home/tulio/ros2_tutorial_ws/src/install/my_robot_interfaces/include/my_robot_interfaces/my_robot_interfaces/srv
[4.097s] -- Up-to-date: /home/tulio/ros2_tutorial_ws/src/install/my_robot_interfaces/include/my_robot_interfaces/my_robot_interfaces/srv/detail
[4.097s] -- Installing: /home/tulio/ros2_tutorial_ws/src/install/my_robot_interfaces/include/my_robot_interfaces/my_robot_interfaces/srv/detail/compute_rectangle_area__rosidl_typesupport_fastrtps_cpp.hpp
[4.097s] -- Installing: /home/tulio/ros2_tutorial_ws/src/install/my_robot_interfaces/include/my_robot_interfaces/my_robot_interfaces/srv/detail/set_led__rosidl_typesupport_fastrtps_cpp.hpp
[4.097s] -- Installing: /home/tulio/ros2_tutorial_ws/src/install/my_robot_interfaces/include/my_robot_interfaces/my_robot_interfaces/srv/detail/dds_fastrtps
[4.097s] -- Installing: /home/tulio/ros2_tutorial_ws/src/install/my_robot_interfaces/lib/libmy_robot_interfaces__rosidl_typesupport_fastrtps_cpp.so
[4.097s] -- Set runtime path of "/home/tulio/ros2_tutorial_ws/src/install/my_robot_interfaces/lib/libmy_robot_interfaces__rosidl_typesupport_fastrtps_cpp.so" to ""
[4.097s] -- Up-to-date: /home/tulio/ros2_tutorial_ws/src/install/my_robot_interfaces/include/my_robot_interfaces/my_robot_interfaces
[4.098s] -- Up-to-date: /home/tulio/ros2_tutorial_ws/src/install/my_robot_interfaces/include/my_robot_interfaces/my_robot_interfaces/msg
[4.098s] -- Up-to-date: /home/tulio/ros2_tutorial_ws/src/install/my_robot_interfaces/include/my_robot_interfaces/my_robot_interfaces/msg/detail
[4.098s] -- Installing: /home/tulio/ros2_tutorial_ws/src/install/my_robot_interfaces/include/my_robot_interfaces/my_robot_interfaces/msg/detail/hardware_status__type_support.cpp
[4.098s] -- Installing: /home/tulio/ros2_tutorial_ws/src/install/my_robot_interfaces/include/my_robot_interfaces/my_robot_interfaces/msg/detail/hardware_status__rosidl_typesupport_introspection_cpp.hpp
[4.098s] -- Installing: /home/tulio/ros2_tutorial_ws/src/install/my_robot_interfaces/include/my_robot_interfaces/my_robot_interfaces/msg/detail/led_state_status__type_support.cpp
[4.098s] -- Installing: /home/tulio/ros2_tutorial_ws/src/install/my_robot_interfaces/include/my_robot_interfaces/my_robot_interfaces/msg/detail/led_state_status__rosidl_typesupport_introspection_cpp.hpp
[4.098s] -- Up-to-date: /home/tulio/ros2_tutorial_ws/src/install/my_robot_interfaces/include/my_robot_interfaces/my_robot_interfaces/srv
[4.098s] -- Up-to-date: /home/tulio/ros2_tutorial_ws/src/install/my_robot_interfaces/include/my_robot_interfaces/my_robot_interfaces/srv/detail
[4.098s] -- Installing: /home/tulio/ros2_tutorial_ws/src/install/my_robot_interfaces/include/my_robot_interfaces/my_robot_interfaces/srv/detail/set_led__rosidl_typesupport_introspection_cpp.hpp
[4.098s] -- Installing: /home/tulio/ros2_tutorial_ws/src/install/my_robot_interfaces/include/my_robot_interfaces/my_robot_interfaces/srv/detail/set_led__type_support.cpp
[4.098s] -- Installing: /home/tulio/ros2_tutorial_ws/src/install/my_robot_interfaces/include/my_robot_interfaces/my_robot_interfaces/srv/detail/compute_rectangle_area__type_support.cpp
[4.099s] -- Installing: /home/tulio/ros2_tutorial_ws/src/install/my_robot_interfaces/include/my_robot_interfaces/my_robot_interfaces/srv/detail/compute_rectangle_area__rosidl_typesupport_introspection_cpp.hpp
[4.099s] -- Installing: /home/tulio/ros2_tutorial_ws/src/install/my_robot_interfaces/lib/libmy_robot_interfaces__rosidl_typesupport_introspection_cpp.so
[4.099s] -- Set runtime path of "/home/tulio/ros2_tutorial_ws/src/install/my_robot_interfaces/lib/libmy_robot_interfaces__rosidl_typesupport_introspection_cpp.so" to ""
[4.099s] -- Installing: /home/tulio/ros2_tutorial_ws/src/install/my_robot_interfaces/lib/libmy_robot_interfaces__rosidl_typesupport_cpp.so
[4.099s] -- Set runtime path of "/home/tulio/ros2_tutorial_ws/src/install/my_robot_interfaces/lib/libmy_robot_interfaces__rosidl_typesupport_cpp.so" to ""
[4.100s] -- Installing: /home/tulio/ros2_tutorial_ws/src/install/my_robot_interfaces/share/my_robot_interfaces/environment/pythonpath.sh
[4.100s] -- Installing: /home/tulio/ros2_tutorial_ws/src/install/my_robot_interfaces/share/my_robot_interfaces/environment/pythonpath.dsv
[4.100s] -- Installing: /home/tulio/ros2_tutorial_ws/src/install/my_robot_interfaces/local/lib/python3.10/dist-packages/my_robot_interfaces-0.0.0-py3.10.egg-info
[4.100s] -- Installing: /home/tulio/ros2_tutorial_ws/src/install/my_robot_interfaces/local/lib/python3.10/dist-packages/my_robot_interfaces-0.0.0-py3.10.egg-info/top_level.txt
[4.100s] -- Installing: /home/tulio/ros2_tutorial_ws/src/install/my_robot_interfaces/local/lib/python3.10/dist-packages/my_robot_interfaces-0.0.0-py3.10.egg-info/PKG-INFO
[4.100s] -- Installing: /home/tulio/ros2_tutorial_ws/src/install/my_robot_interfaces/local/lib/python3.10/dist-packages/my_robot_interfaces-0.0.0-py3.10.egg-info/dependency_links.txt
[4.100s] -- Installing: /home/tulio/ros2_tutorial_ws/src/install/my_robot_interfaces/local/lib/python3.10/dist-packages/my_robot_interfaces-0.0.0-py3.10.egg-info/SOURCES.txt
[4.100s] -- Installing: /home/tulio/ros2_tutorial_ws/src/install/my_robot_interfaces/local/lib/python3.10/dist-packages/my_robot_interfaces
[4.101s] -- Installing: /home/tulio/ros2_tutorial_ws/src/install/my_robot_interfaces/local/lib/python3.10/dist-packages/my_robot_interfaces/__init__.py
[4.101s] -- Installing: /home/tulio/ros2_tutorial_ws/src/install/my_robot_interfaces/local/lib/python3.10/dist-packages/my_robot_interfaces/_my_robot_interfaces_s.ep.rosidl_typesupport_introspection_c.c
[4.101s] -- Installing: /home/tulio/ros2_tutorial_ws/src/install/my_robot_interfaces/local/lib/python3.10/dist-packages/my_robot_interfaces/my_robot_interfaces_s__rosidl_typesupport_fastrtps_c.cpython-310-x86_64-linux-gnu.so
[4.101s] -- Installing: /home/tulio/ros2_tutorial_ws/src/install/my_robot_interfaces/local/lib/python3.10/dist-packages/my_robot_interfaces/libmy_robot_interfaces__rosidl_generator_py.so
[4.101s] -- Installing: /home/tulio/ros2_tutorial_ws/src/install/my_robot_interfaces/local/lib/python3.10/dist-packages/my_robot_interfaces/my_robot_interfaces_s__rosidl_typesupport_introspection_c.cpython-310-x86_64-linux-gnu.so
[4.101s] -- Installing: /home/tulio/ros2_tutorial_ws/src/install/my_robot_interfaces/local/lib/python3.10/dist-packages/my_robot_interfaces/_my_robot_interfaces_s.ep.rosidl_typesupport_c.c
[4.101s] -- Installing: /home/tulio/ros2_tutorial_ws/src/install/my_robot_interfaces/local/lib/python3.10/dist-packages/my_robot_interfaces/my_robot_interfaces_s__rosidl_typesupport_c.cpython-310-x86_64-linux-gnu.so
[4.102s] -- Installing: /home/tulio/ros2_tutorial_ws/src/install/my_robot_interfaces/local/lib/python3.10/dist-packages/my_robot_interfaces/_my_robot_interfaces_s.ep.rosidl_typesupport_fastrtps_c.c
[4.102s] -- Installing: /home/tulio/ros2_tutorial_ws/src/install/my_robot_interfaces/local/lib/python3.10/dist-packages/my_robot_interfaces/msg
[4.102s] -- Installing: /home/tulio/ros2_tutorial_ws/src/install/my_robot_interfaces/local/lib/python3.10/dist-packages/my_robot_interfaces/msg/_led_state_status_s.c
[4.102s] -- Installing: /home/tulio/ros2_tutorial_ws/src/install/my_robot_interfaces/local/lib/python3.10/dist-packages/my_robot_interfaces/msg/_led_state_status.py
[4.102s] -- Installing: /home/tulio/ros2_tutorial_ws/src/install/my_robot_interfaces/local/lib/python3.10/dist-packages/my_robot_interfaces/msg/__init__.py
[4.102s] -- Installing: /home/tulio/ros2_tutorial_ws/src/install/my_robot_interfaces/local/lib/python3.10/dist-packages/my_robot_interfaces/msg/_hardware_status_s.c
[4.102s] -- Installing: /home/tulio/ros2_tutorial_ws/src/install/my_robot_interfaces/local/lib/python3.10/dist-packages/my_robot_interfaces/msg/_hardware_status.py
[4.102s] -- Installing: /home/tulio/ros2_tutorial_ws/src/install/my_robot_interfaces/local/lib/python3.10/dist-packages/my_robot_interfaces/srv
[4.103s] -- Installing: /home/tulio/ros2_tutorial_ws/src/install/my_robot_interfaces/local/lib/python3.10/dist-packages/my_robot_interfaces/srv/__init__.py
[4.103s] -- Installing: /home/tulio/ros2_tutorial_ws/src/install/my_robot_interfaces/local/lib/python3.10/dist-packages/my_robot_interfaces/srv/_compute_rectangle_area_s.c
[4.103s] -- Installing: /home/tulio/ros2_tutorial_ws/src/install/my_robot_interfaces/local/lib/python3.10/dist-packages/my_robot_interfaces/srv/_compute_rectangle_area.py
[4.103s] -- Installing: /home/tulio/ros2_tutorial_ws/src/install/my_robot_interfaces/local/lib/python3.10/dist-packages/my_robot_interfaces/srv/_set_led_s.c
[4.103s] -- Installing: /home/tulio/ros2_tutorial_ws/src/install/my_robot_interfaces/local/lib/python3.10/dist-packages/my_robot_interfaces/srv/_set_led.py
[4.138s] Listing '/home/tulio/ros2_tutorial_ws/src/install/my_robot_interfaces/local/lib/python3.10/dist-packages/my_robot_interfaces'...
[4.138s] Compiling '/home/tulio/ros2_tutorial_ws/src/install/my_robot_interfaces/local/lib/python3.10/dist-packages/my_robot_interfaces/__init__.py'...
[4.138s] Listing '/home/tulio/ros2_tutorial_ws/src/install/my_robot_interfaces/local/lib/python3.10/dist-packages/my_robot_interfaces/msg'...
[4.138s] Compiling '/home/tulio/ros2_tutorial_ws/src/install/my_robot_interfaces/local/lib/python3.10/dist-packages/my_robot_interfaces/msg/__init__.py'...
[4.139s] Compiling '/home/tulio/ros2_tutorial_ws/src/install/my_robot_interfaces/local/lib/python3.10/dist-packages/my_robot_interfaces/msg/_hardware_status.py'...
[4.139s] Compiling '/home/tulio/ros2_tutorial_ws/src/install/my_robot_interfaces/local/lib/python3.10/dist-packages/my_robot_interfaces/msg/_led_state_status.py'...
[4.139s] Listing '/home/tulio/ros2_tutorial_ws/src/install/my_robot_interfaces/local/lib/python3.10/dist-packages/my_robot_interfaces/srv'...
[4.139s] Compiling '/home/tulio/ros2_tutorial_ws/src/install/my_robot_interfaces/local/lib/python3.10/dist-packages/my_robot_interfaces/srv/__init__.py'...
[4.139s] Compiling '/home/tulio/ros2_tutorial_ws/src/install/my_robot_interfaces/local/lib/python3.10/dist-packages/my_robot_interfaces/srv/_compute_rectangle_area.py'...
[4.139s] Compiling '/home/tulio/ros2_tutorial_ws/src/install/my_robot_interfaces/local/lib/python3.10/dist-packages/my_robot_interfaces/srv/_set_led.py'...
[4.142s] -- Installing: /home/tulio/ros2_tutorial_ws/src/install/my_robot_interfaces/local/lib/python3.10/dist-packages/my_robot_interfaces/my_robot_interfaces_s__rosidl_typesupport_fastrtps_c.cpython-310-x86_64-linux-gnu.so
[4.142s] -- Set runtime path of "/home/tulio/ros2_tutorial_ws/src/install/my_robot_interfaces/local/lib/python3.10/dist-packages/my_robot_interfaces/my_robot_interfaces_s__rosidl_typesupport_fastrtps_c.cpython-310-x86_64-linux-gnu.so" to ""
[4.143s] -- Installing: /home/tulio/ros2_tutorial_ws/src/install/my_robot_interfaces/local/lib/python3.10/dist-packages/my_robot_interfaces/my_robot_interfaces_s__rosidl_typesupport_introspection_c.cpython-310-x86_64-linux-gnu.so
[4.143s] -- Set runtime path of "/home/tulio/ros2_tutorial_ws/src/install/my_robot_interfaces/local/lib/python3.10/dist-packages/my_robot_interfaces/my_robot_interfaces_s__rosidl_typesupport_introspection_c.cpython-310-x86_64-linux-gnu.so" to ""
[4.143s] -- Installing: /home/tulio/ros2_tutorial_ws/src/install/my_robot_interfaces/local/lib/python3.10/dist-packages/my_robot_interfaces/my_robot_interfaces_s__rosidl_typesupport_c.cpython-310-x86_64-linux-gnu.so
[4.143s] -- Set runtime path of "/home/tulio/ros2_tutorial_ws/src/install/my_robot_interfaces/local/lib/python3.10/dist-packages/my_robot_interfaces/my_robot_interfaces_s__rosidl_typesupport_c.cpython-310-x86_64-linux-gnu.so" to ""
[4.144s] -- Installing: /home/tulio/ros2_tutorial_ws/src/install/my_robot_interfaces/lib/libmy_robot_interfaces__rosidl_generator_py.so
[4.144s] -- Set runtime path of "/home/tulio/ros2_tutorial_ws/src/install/my_robot_interfaces/lib/libmy_robot_interfaces__rosidl_generator_py.so" to ""
[4.144s] -- Installing: /home/tulio/ros2_tutorial_ws/src/install/my_robot_interfaces/share/my_robot_interfaces/msg/HardwareStatus.idl
[4.144s] -- Installing: /home/tulio/ros2_tutorial_ws/src/install/my_robot_interfaces/share/my_robot_interfaces/msg/LedStateStatus.idl
[4.144s] -- Installing: /home/tulio/ros2_tutorial_ws/src/install/my_robot_interfaces/share/my_robot_interfaces/srv/ComputeRectangleArea.idl
[4.145s] -- Installing: /home/tulio/ros2_tutorial_ws/src/install/my_robot_interfaces/share/my_robot_interfaces/srv/SetLed.idl
[4.145s] -- Installing: /home/tulio/ros2_tutorial_ws/src/install/my_robot_interfaces/share/my_robot_interfaces/msg/HardwareStatus.msg
[4.145s] -- Installing: /home/tulio/ros2_tutorial_ws/src/install/my_robot_interfaces/share/my_robot_interfaces/msg/LedStateStatus.msg
[4.145s] -- Installing: /home/tulio/ros2_tutorial_ws/src/install/my_robot_interfaces/share/my_robot_interfaces/srv/ComputeRectangleArea.srv
[4.145s] -- Installing: /home/tulio/ros2_tutorial_ws/src/install/my_robot_interfaces/share/my_robot_interfaces/srv/ComputeRectangleArea_Request.msg
[4.145s] -- Installing: /home/tulio/ros2_tutorial_ws/src/install/my_robot_interfaces/share/my_robot_interfaces/srv/ComputeRectangleArea_Response.msg
[4.145s] -- Installing: /home/tulio/ros2_tutorial_ws/src/install/my_robot_interfaces/share/my_robot_interfaces/srv/SetLed.srv
[4.146s] -- Installing: /home/tulio/ros2_tutorial_ws/src/install/my_robot_interfaces/share/my_robot_interfaces/srv/SetLed_Request.msg
[4.146s] -- Installing: /home/tulio/ros2_tutorial_ws/src/install/my_robot_interfaces/share/my_robot_interfaces/srv/SetLed_Response.msg
[4.146s] -- Installing: /home/tulio/ros2_tutorial_ws/src/install/my_robot_interfaces/share/ament_index/resource_index/package_run_dependencies/my_robot_interfaces
[4.146s] -- Installing: /home/tulio/ros2_tutorial_ws/src/install/my_robot_interfaces/share/ament_index/resource_index/parent_prefix_path/my_robot_interfaces
[4.146s] -- Installing: /home/tulio/ros2_tutorial_ws/src/install/my_robot_interfaces/share/my_robot_interfaces/environment/ament_prefix_path.sh
[4.146s] -- Installing: /home/tulio/ros2_tutorial_ws/src/install/my_robot_interfaces/share/my_robot_interfaces/environment/ament_prefix_path.dsv
[4.146s] -- Installing: /home/tulio/ros2_tutorial_ws/src/install/my_robot_interfaces/share/my_robot_interfaces/environment/path.sh
[4.147s] -- Installing: /home/tulio/ros2_tutorial_ws/src/install/my_robot_interfaces/share/my_robot_interfaces/environment/path.dsv
[4.147s] -- Installing: /home/tulio/ros2_tutorial_ws/src/install/my_robot_interfaces/share/my_robot_interfaces/local_setup.bash
[4.147s] -- Installing: /home/tulio/ros2_tutorial_ws/src/install/my_robot_interfaces/share/my_robot_interfaces/local_setup.sh
[4.147s] -- Installing: /home/tulio/ros2_tutorial_ws/src/install/my_robot_interfaces/share/my_robot_interfaces/local_setup.zsh
[4.147s] -- Installing: /home/tulio/ros2_tutorial_ws/src/install/my_robot_interfaces/share/my_robot_interfaces/local_setup.dsv
[4.147s] -- Installing: /home/tulio/ros2_tutorial_ws/src/install/my_robot_interfaces/share/my_robot_interfaces/package.dsv
[4.147s] -- Installing: /home/tulio/ros2_tutorial_ws/src/install/my_robot_interfaces/share/ament_index/resource_index/packages/my_robot_interfaces
[4.148s] -- Installing: /home/tulio/ros2_tutorial_ws/src/install/my_robot_interfaces/share/my_robot_interfaces/cmake/export_my_robot_interfaces__rosidl_generator_cExport.cmake
[4.148s] -- Installing: /home/tulio/ros2_tutorial_ws/src/install/my_robot_interfaces/share/my_robot_interfaces/cmake/export_my_robot_interfaces__rosidl_generator_cExport-noconfig.cmake
[4.148s] -- Installing: /home/tulio/ros2_tutorial_ws/src/install/my_robot_interfaces/share/my_robot_interfaces/cmake/export_my_robot_interfaces__rosidl_typesupport_fastrtps_cExport.cmake
[4.148s] -- Installing: /home/tulio/ros2_tutorial_ws/src/install/my_robot_interfaces/share/my_robot_interfaces/cmake/export_my_robot_interfaces__rosidl_typesupport_fastrtps_cExport-noconfig.cmake
[4.148s] -- Installing: /home/tulio/ros2_tutorial_ws/src/install/my_robot_interfaces/share/my_robot_interfaces/cmake/my_robot_interfaces__rosidl_typesupport_introspection_cExport.cmake
[4.148s] -- Installing: /home/tulio/ros2_tutorial_ws/src/install/my_robot_interfaces/share/my_robot_interfaces/cmake/my_robot_interfaces__rosidl_typesupport_introspection_cExport-noconfig.cmake
[4.149s] -- Installing: /home/tulio/ros2_tutorial_ws/src/install/my_robot_interfaces/share/my_robot_interfaces/cmake/my_robot_interfaces__rosidl_typesupport_cExport.cmake
[4.149s] -- Installing: /home/tulio/ros2_tutorial_ws/src/install/my_robot_interfaces/share/my_robot_interfaces/cmake/my_robot_interfaces__rosidl_typesupport_cExport-noconfig.cmake
[4.149s] -- Installing: /home/tulio/ros2_tutorial_ws/src/install/my_robot_interfaces/share/my_robot_interfaces/cmake/export_my_robot_interfaces__rosidl_generator_cppExport.cmake
[4.149s] -- Installing: /home/tulio/ros2_tutorial_ws/src/install/my_robot_interfaces/share/my_robot_interfaces/cmake/export_my_robot_interfaces__rosidl_typesupport_fastrtps_cppExport.cmake
[4.149s] -- Installing: /home/tulio/ros2_tutorial_ws/src/install/my_robot_interfaces/share/my_robot_interfaces/cmake/export_my_robot_interfaces__rosidl_typesupport_fastrtps_cppExport-noconfig.cmake
[4.149s] -- Installing: /home/tulio/ros2_tutorial_ws/src/install/my_robot_interfaces/share/my_robot_interfaces/cmake/my_robot_interfaces__rosidl_typesupport_introspection_cppExport.cmake
[4.149s] -- Installing: /home/tulio/ros2_tutorial_ws/src/install/my_robot_interfaces/share/my_robot_interfaces/cmake/my_robot_interfaces__rosidl_typesupport_introspection_cppExport-noconfig.cmake
[4.150s] -- Installing: /home/tulio/ros2_tutorial_ws/src/install/my_robot_interfaces/share/my_robot_interfaces/cmake/my_robot_interfaces__rosidl_typesupport_cppExport.cmake
[4.150s] -- Installing: /home/tulio/ros2_tutorial_ws/src/install/my_robot_interfaces/share/my_robot_interfaces/cmake/my_robot_interfaces__rosidl_typesupport_cppExport-noconfig.cmake
[4.150s] -- Installing: /home/tulio/ros2_tutorial_ws/src/install/my_robot_interfaces/share/my_robot_interfaces/cmake/export_my_robot_interfaces__rosidl_generator_pyExport.cmake
[4.150s] -- Installing: /home/tulio/ros2_tutorial_ws/src/install/my_robot_interfaces/share/my_robot_interfaces/cmake/export_my_robot_interfaces__rosidl_generator_pyExport-noconfig.cmake
[4.150s] -- Installing: /home/tulio/ros2_tutorial_ws/src/install/my_robot_interfaces/share/my_robot_interfaces/cmake/rosidl_cmake-extras.cmake
[4.150s] -- Installing: /home/tulio/ros2_tutorial_ws/src/install/my_robot_interfaces/share/my_robot_interfaces/cmake/ament_cmake_export_include_directories-extras.cmake
[4.150s] -- Installing: /home/tulio/ros2_tutorial_ws/src/install/my_robot_interfaces/share/my_robot_interfaces/cmake/ament_cmake_export_libraries-extras.cmake
[4.151s] -- Installing: /home/tulio/ros2_tutorial_ws/src/install/my_robot_interfaces/share/my_robot_interfaces/cmake/ament_cmake_export_targets-extras.cmake
[4.151s] -- Installing: /home/tulio/ros2_tutorial_ws/src/install/my_robot_interfaces/share/my_robot_interfaces/cmake/rosidl_cmake_export_typesupport_targets-extras.cmake
[4.151s] -- Installing: /home/tulio/ros2_tutorial_ws/src/install/my_robot_interfaces/share/my_robot_interfaces/cmake/ament_cmake_export_dependencies-extras.cmake
[4.151s] -- Installing: /home/tulio/ros2_tutorial_ws/src/install/my_robot_interfaces/share/my_robot_interfaces/cmake/rosidl_cmake_export_typesupport_libraries-extras.cmake
[4.151s] -- Installing: /home/tulio/ros2_tutorial_ws/src/install/my_robot_interfaces/share/my_robot_interfaces/cmake/my_robot_interfacesConfig.cmake
[4.151s] -- Installing: /home/tulio/ros2_tutorial_ws/src/install/my_robot_interfaces/share/my_robot_interfaces/cmake/my_robot_interfacesConfig-version.cmake
[4.151s] -- Installing: /home/tulio/ros2_tutorial_ws/src/install/my_robot_interfaces/share/my_robot_interfaces/package.xml
[4.154s] Invoked command in '/home/tulio/ros2_tutorial_ws/src/build/my_robot_interfaces' returned '0': CMAKE_PREFIX_PATH=${CMAKE_PREFIX_PATH}:/home/tulio/ros2_tutorial_ws/install/my_robot_controller:/opt/ros/humble /usr/bin/cmake --install /home/tulio/ros2_tutorial_ws/src/build/my_robot_interfaces
