[0.496s] Invoking command in '/home/tulio/ros2_tutorial_ws/src/build/my_robot_controller': PYTHONPATH=/home/tulio/ros2_tutorial_ws/src/build/my_robot_controller/prefix_override:/home/tulio/ros2_tutorial_ws/src/install/my_robot_controller/lib/python3.10/site-packages:${PYTHONPATH} /usr/bin/python3 -W ignore:setup.py install is deprecated setup.py develop --editable --build-directory /home/tulio/ros2_tutorial_ws/src/build/my_robot_controller/build --no-deps symlink_data
[0.710s] running develop
[0.836s] running egg_info
[0.836s] creating my_robot_controller.egg-info
[0.836s] writing my_robot_controller.egg-info/PKG-INFO
[0.837s] writing dependency_links to my_robot_controller.egg-info/dependency_links.txt
[0.837s] writing entry points to my_robot_controller.egg-info/entry_points.txt
[0.837s] writing requirements to my_robot_controller.egg-info/requires.txt
[0.837s] writing top-level names to my_robot_controller.egg-info/top_level.txt
[0.837s] writing manifest file 'my_robot_controller.egg-info/SOURCES.txt'
[0.838s] reading manifest file 'my_robot_controller.egg-info/SOURCES.txt'
[0.839s] writing manifest file 'my_robot_controller.egg-info/SOURCES.txt'
[0.840s] running build_ext
[0.840s] Creating /home/tulio/ros2_tutorial_ws/src/install/my_robot_controller/lib/python3.10/site-packages/my-robot-controller.egg-link (link to .)
[0.840s] Installing draw_node script to /home/tulio/ros2_tutorial_ws/src/install/my_robot_controller/lib/my_robot_controller
[0.840s] Installing pose_subscriber script to /home/tulio/ros2_tutorial_ws/src/install/my_robot_controller/lib/my_robot_controller
[0.841s] Installing test_node script to /home/tulio/ros2_tutorial_ws/src/install/my_robot_controller/lib/my_robot_controller
[0.841s] 
[0.841s] Installed /home/tulio/ros2_tutorial_ws/src/build/my_robot_controller
[0.841s] running symlink_data
[0.841s] creating /home/tulio/ros2_tutorial_ws/src/install/my_robot_controller/share/ament_index
[0.841s] creating /home/tulio/ros2_tutorial_ws/src/install/my_robot_controller/share/ament_index/resource_index
[0.841s] creating /home/tulio/ros2_tutorial_ws/src/install/my_robot_controller/share/ament_index/resource_index/packages
[0.841s] symbolically linking /home/tulio/ros2_tutorial_ws/src/build/my_robot_controller/resource/my_robot_controller -> /home/tulio/ros2_tutorial_ws/src/install/my_robot_controller/share/ament_index/resource_index/packages
[0.841s] symbolically linking /home/tulio/ros2_tutorial_ws/src/build/my_robot_controller/package.xml -> /home/tulio/ros2_tutorial_ws/src/install/my_robot_controller/share/my_robot_controller
[0.861s] Invoked command in '/home/tulio/ros2_tutorial_ws/src/build/my_robot_controller' returned '0': PYTHONPATH=/home/tulio/ros2_tutorial_ws/src/build/my_robot_controller/prefix_override:/home/tulio/ros2_tutorial_ws/src/install/my_robot_controller/lib/python3.10/site-packages:${PYTHONPATH} /usr/bin/python3 -W ignore:setup.py install is deprecated setup.py develop --editable --build-directory /home/tulio/ros2_tutorial_ws/src/build/my_robot_controller/build --no-deps symlink_data
